Arguments: 
  C:\Program Files\nodejs\node.exe C:\Program Files (x86)\Yarn\bin\yarn.js

PATH: 
  C:\Program Files\AdoptOpenJDK\jdk-11.0.11.9-hotspot\bin;C:\Python27\;C:\Python27\Scripts;C:\tools\ruby27\bin;C:\Python38\Scripts\;C:\Python38\;C:\Program Files (x86)\Common Files\Oracle\Java\javapath;C:\Windows\system32;C:\Windows;C:\Windows\System32\Wbem;C:\Windows\System32\WindowsPowerShell\v1.0\;C:\Windows\System32\OpenSSH\;C:\Program Files (x86)\NVIDIA Corporation\PhysX\Common;C:\WINDOWS\system32;C:\WINDOWS;C:\WINDOWS\System32\Wbem;C:\WINDOWS\System32\WindowsPowerShell\v1.0\;C:\WINDOWS\System32\OpenSSH\;C:\Program Files\NVIDIA Corporation\NVIDIA NvDLISR;C:\ProgramData\chocolatey\bin;C:\Program Files (x86)\Bluetooth Command Line Tools\bin;C:\Program Files\Java\jdk1.8.0_211\bin;C:\Android\android-sdk\tools\bin;C:\Program Files\AdoptOpenJDK\jdk8u192-b12\bin;C:\Program Files (x86)\Yarn\bin\;C:\Program Files\MATLAB\R2020a\bin;C:\Program Files (x86)\Microsoft SQL Server\150\DTS\Binn\;C:\WINDOWS\system32;C:\WINDOWS;C:\WINDOWS\System32\Wbem;C:\WINDOWS\System32\WindowsPowerShell\v1.0\;C:\WINDOWS\System32\OpenSSH\;C:\Program Files\Git\cmd;C:\Program Files\nodejs\;C:\tools\php80;C:\tools\php73;%USERPROFILE%\AppData\Roaming\Composer\vendor\bin;;C:\Program Files\Docker\Docker\resources\bin;C:\ProgramData\DockerDesktop\version-bin;C:\Users\rigor789\AppData\Local\Programs\Python\Python37-32\Scripts\;C:\Users\rigor789\AppData\Local\Programs\Python\Python37-32\;C:\Users\rigor789\AppData\Local\Microsoft\WindowsApps;C:\Users\rigor789\AppData\Local\GitHubDesktop\bin;C:\Users\rigor789\AppData\Local\Microsoft\WindowsApps;C:\Users\rigor789\AppData\Local\Android\Sdk\platform-tools;C:\Users\rigor789\AppData\Local\Programs\Microsoft VS Code\bin;C:\Users\rigor789\AppData\Local\Android\Sdk\emulator;C:\Users\rigor789\AppData\Local\Yarn\bin;C:\rtools40;C:\rtools40\mingw64\bin;C:\rtools40\usr\bin;C:\tools;C:\Users\rigor789\AppData\Roaming\npm;C:\tools\texlive\2021\bin\win32

Yarn version: 
  1.22.4

Node version: 
  15.11.0

Platform: 
  win32 x64

Trace: 
  Error: ENOENT: no such file or directory, copyfile 'C:\Users\rigor789\AppData\Local\Yarn\Cache\v6\npm-picocolors-0.2.1-570670f793646851d1ba135996962abad587859f-integrity\node_modules\picocolors\LICENSE' -> 'C:\Users\rigor789\Downloads\kinvey-demo\node_modules\@vue\component-compiler-utils\node_modules\picocolors\LICENSE'

npm manifest: 
  {
      "main": "./app/main.ts",
      "description": "NativeScript Application",
      "license": "SEE LICENSE IN <your-license-filename>",
      "readme": "NativeScript Application",
      "repository": "<fill-your-repository-here>",
      "dependencies": {
          "@angular/animations": "^12.2.5",
          "@angular/common": "^12.2.5",
          "@angular/compiler": "^12.2.5",
          "@angular/core": "^12.2.5",
          "@angular/forms": "^12.2.5",
          "@angular/platform-browser": "^12.2.5",
          "@angular/platform-browser-dynamic": "^12.2.5",
          "@angular/router": "^12.2.5",
          "@nativescript/angular": "^12.2.0",
          "@nativescript/core": "~8.1.1",
          "@nativescript/theme": "2.3.3",
          "@progress-nativechat/nativescript-nativechat": "3.0.0",
          "nativescript-accelerometer": "3.0.0",
          "nativescript-background-http": "4.2.1",
          "nativescript-camera": "4.5.0",
          "nativescript-geolocation": "5.1.0",
          "nativescript-image": "3.0.1",
          "nativescript-imagepicker": "7.1.0",
          "nativescript-intl": "3.0.0",
          "nativescript-iqkeyboardmanager": "1.5.1",
          "nativescript-social-share": "1.6.0",
          "nativescript-theme-core": "1.0.6",
          "nativescript-ui-autocomplete": "6.0.1",
          "nativescript-ui-calendar": "6.1.0",
          "nativescript-ui-chart": "7.1.1",
          "nativescript-ui-dataform": "6.0.0",
          "nativescript-ui-gauge": "6.0.0",
          "nativescript-ui-listview": "8.0.1",
          "nativescript-ui-sidedrawer": "8.0.0",
          "reflect-metadata": "0.1.13",
          "rxjs": "~7.3.0",
          "rxjs-compat": "6.5.4",
          "zone.js": "~0.11.4"
      },
      "devDependencies": {
          "@angular/compiler-cli": "^12.2.5",
          "@nativescript/android": "8.1.1",
          "@nativescript/types": "~8.1.0",
          "@nativescript/webpack": "~5.0.0",
          "@ngtools/webpack": "^12.2.5",
          "typescript": "~4.3.5"
      }
  }

yarn manifest: 
  No manifest

Lockfile: 
  No lockfile
